# JRE version: Java(TM) SE Runtime Environment (8.0_51-b16) (build 1.8.0_51-b16)
# Java VM: Java HotSpot(TM) 64-Bit Server VM (25.51-b03 mixed mode linux-amd64 compressed oops)
Heap:
 PSYoungGen      total 28672K, used 25393K [0x000000076d100000, 0x000000076ee00000, 0x00000007c0000000)
  eden space 27648K, 89% used [0x000000076d100000,0x000000076e94c750,0x000000076ec00000)
  from space 1024K, 50% used [0x000000076ec00000,0x000000076ec80000,0x000000076ed00000)
  to   space 1024K, 0% used [0x000000076ed00000,0x000000076ed00000,0x000000076ee00000)
 ParOldGen       total 63488K, used 36784K [0x00000006c7200000, 0x00000006cb000000, 0x000000076d100000)
  object space 63488K, 57% used [0x00000006c7200000,0x00000006c95ec3d8,0x00000006cb000000)
 Metaspace       used 19569K, capacity 20066K, committed 20224K, reserved 1067008K
  class space    used 2364K, capacity 2467K, committed 2560K, reserved 1048576K
GC Heap History (10 events):
Event: 1047,643 GC heap before
{Heap before GC invocations=2897 (full 12):
 PSYoungGen      total 28672K, used 28160K [0x000000076d100000, 0x000000076ee00000, 0x00000007c0000000)
  eden space 27648K, 100% used [0x000000076d100000,0x000000076ec00000,0x000000076ec00000)
  from space 1024K, 50% used [0x000000076ed00000,0x000000076ed80000,0x000000076ee00000)
  to   space 1024K, 0% used [0x000000076ec00000,0x000000076ec00000,0x000000076ed00000)
 ParOldGen       total 63488K, used 34864K [0x00000006c7200000, 0x00000006cb000000, 0x000000076d100000)
  object space 63488K, 54% used [0x00000006c7200000,0x00000006c940c3d8,0x00000006cb000000)
 Metaspace       used 19569K, capacity 20066K, committed 20224K, reserved 1067008K
  class space    used 2364K, capacity 2467K, committed 2560K, reserved 1048576K
Event: 1047,644 GC heap after
Heap after GC invocations=2897 (full 12):
 PSYoungGen      total 28672K, used 480K [0x000000076d100000, 0x000000076ee00000, 0x00000007c0000000)
  eden space 27648K, 0% used [0x000000076d100000,0x000000076d100000,0x000000076ec00000)
  from space 1024K, 46% used [0x000000076ec00000,0x000000076ec78000,0x000000076ed00000)
  to   space 1024K, 0% used [0x000000076ed00000,0x000000076ed00000,0x000000076ee00000)
 ParOldGen       total 63488K, used 35248K [0x00000006c7200000, 0x00000006cb000000, 0x000000076d100000)
  object space 63488K, 55% used [0x00000006c7200000,0x00000006c946c3d8,0x00000006cb000000)
 Metaspace       used 19569K, capacity 20066K, committed 20224K, reserved 1067008K
  class space    used 2364K, capacity 2467K, committed 2560K, reserved 1048576K
}
Event: 1047,906 GC heap before
{Heap before GC invocations=2898 (full 12):
 PSYoungGen      total 28672K, used 28128K [0x000000076d100000, 0x000000076ee00000, 0x00000007c0000000)
  eden space 27648K, 100% used [0x000000076d100000,0x000000076ec00000,0x000000076ec00000)
  from space 1024K, 46% used [0x000000076ec00000,0x000000076ec78000,0x000000076ed00000)
  to   space 1024K, 0% used [0x000000076ed00000,0x000000076ed00000,0x000000076ee00000)
 ParOldGen       total 63488K, used 35248K [0x00000006c7200000, 0x00000006cb000000, 0x000000076d100000)
  object space 63488K, 55% used [0x00000006c7200000,0x00000006c946c3d8,0x00000006cb000000)
 Metaspace       used 19569K, capacity 20066K, committed 20224K, reserved 1067008K
  class space    used 2364K, capacity 2467K, committed 2560K, reserved 1048576K
Event: 1047,909 GC heap after
Heap after GC invocations=2898 (full 12):
 PSYoungGen      total 28672K, used 448K [0x000000076d100000, 0x000000076ee00000, 0x00000007c0000000)
  eden space 27648K, 0% used [0x000000076d100000,0x000000076d100000,0x000000076ec00000)
  from space 1024K, 43% used [0x000000076ed00000,0x000000076ed70000,0x000000076ee00000)
  to   space 1024K, 0% used [0x000000076ec00000,0x000000076ec00000,0x000000076ed00000)
 ParOldGen       total 63488K, used 35624K [0x00000006c7200000, 0x00000006cb000000, 0x000000076d100000)
  object space 63488K, 56% used [0x00000006c7200000,0x00000006c94ca3d8,0x00000006cb000000)
 Metaspace       used 19569K, capacity 20066K, committed 20224K, reserved 1067008K
  class space    used 2364K, capacity 2467K, committed 2560K, reserved 1048576K
}
Event: 1048,169 GC heap before
{Heap before GC invocations=2899 (full 12):
 PSYoungGen      total 28672K, used 28096K [0x000000076d100000, 0x000000076ee00000, 0x00000007c0000000)
  eden space 27648K, 100% used [0x000000076d100000,0x000000076ec00000,0x000000076ec00000)
  from space 1024K, 43% used [0x000000076ed00000,0x000000076ed70000,0x000000076ee00000)
  to   space 1024K, 0% used [0x000000076ec00000,0x000000076ec00000,0x000000076ed00000)
 ParOldGen       total 63488K, used 35624K [0x00000006c7200000, 0x00000006cb000000, 0x000000076d100000)
  object space 63488K, 56% used [0x00000006c7200000,0x00000006c94ca3d8,0x00000006cb000000)
 Metaspace       used 19569K, capacity 20066K, committed 20224K, reserved 1067008K
  class space    used 2364K, capacity 2467K, committed 2560K, reserved 1048576K
Event: 1048,170 GC heap after
Heap after GC invocations=2899 (full 12):
 PSYoungGen      total 28672K, used 480K [0x000000076d100000, 0x000000076ee00000, 0x00000007c0000000)
  eden space 27648K, 0% used [0x000000076d100000,0x000000076d100000,0x000000076ec00000)
  from space 1024K, 46% used [0x000000076ec00000,0x000000076ec78000,0x000000076ed00000)
  to   space 1024K, 0% used [0x000000076ed00000,0x000000076ed00000,0x000000076ee00000)
 ParOldGen       total 63488K, used 36008K [0x00000006c7200000, 0x00000006cb000000, 0x000000076d100000)
  object space 63488K, 56% used [0x00000006c7200000,0x00000006c952a3d8,0x00000006cb000000)
 Metaspace       used 19569K, capacity 20066K, committed 20224K, reserved 1067008K
  class space    used 2364K, capacity 2467K, committed 2560K, reserved 1048576K
}
Event: 1048,430 GC heap before
{Heap before GC invocations=2900 (full 12):
 PSYoungGen      total 28672K, used 28128K [0x000000076d100000, 0x000000076ee00000, 0x00000007c0000000)
  eden space 27648K, 100% used [0x000000076d100000,0x000000076ec00000,0x000000076ec00000)
  from space 1024K, 46% used [0x000000076ec00000,0x000000076ec78000,0x000000076ed00000)
  to   space 1024K, 0% used [0x000000076ed00000,0x000000076ed00000,0x000000076ee00000)
 ParOldGen       total 63488K, used 36008K [0x00000006c7200000, 0x00000006cb000000, 0x000000076d100000)
  object space 63488K, 56% used [0x00000006c7200000,0x00000006c952a3d8,0x00000006cb000000)
 Metaspace       used 19569K, capacity 20066K, committed 20224K, reserved 1067008K
  class space    used 2364K, capacity 2467K, committed 2560K, reserved 1048576K
Event: 1048,432 GC heap after
Heap after GC invocations=2900 (full 12):
 PSYoungGen      total 28672K, used 448K [0x000000076d100000, 0x000000076ee00000, 0x00000007c0000000)
  eden space 27648K, 0% used [0x000000076d100000,0x000000076d100000,0x000000076ec00000)
  from space 1024K, 43% used [0x000000076ed00000,0x000000076ed70000,0x000000076ee00000)
  to   space 1024K, 0% used [0x000000076ec00000,0x000000076ec00000,0x000000076ed00000)
 ParOldGen       total 63488K, used 36392K [0x00000006c7200000, 0x00000006cb000000, 0x000000076d100000)
  object space 63488K, 57% used [0x00000006c7200000,0x00000006c958a3d8,0x00000006cb000000)
 Metaspace       used 19569K, capacity 20066K, committed 20224K, reserved 1067008K
  class space    used 2364K, capacity 2467K, committed 2560K, reserved 1048576K
}
Event: 1048,686 GC heap before
{Heap before GC invocations=2901 (full 12):
 PSYoungGen      total 28672K, used 28096K [0x000000076d100000, 0x000000076ee00000, 0x00000007c0000000)
  eden space 27648K, 100% used [0x000000076d100000,0x000000076ec00000,0x000000076ec00000)
  from space 1024K, 43% used [0x000000076ed00000,0x000000076ed70000,0x000000076ee00000)
  to   space 1024K, 0% used [0x000000076ec00000,0x000000076ec00000,0x000000076ed00000)
 ParOldGen       total 63488K, used 36392K [0x00000006c7200000, 0x00000006cb000000, 0x000000076d100000)
  object space 63488K, 57% used [0x00000006c7200000,0x00000006c958a3d8,0x00000006cb000000)
 Metaspace       used 19569K, capacity 20066K, committed 20224K, reserved 1067008K
  class space    used 2364K, capacity 2467K, committed 2560K, reserved 1048576K
Event: 1048,688 GC heap after
Heap after GC invocations=2901 (full 12):
 PSYoungGen      total 28672K, used 512K [0x000000076d100000, 0x000000076ee00000, 0x00000007c0000000)
  eden space 27648K, 0% used [0x000000076d100000,0x000000076d100000,0x000000076ec00000)
  from space 1024K, 50% used [0x000000076ec00000,0x000000076ec80000,0x000000076ed00000)
  to   space 1024K, 0% used [0x000000076ed00000,0x000000076ed00000,0x000000076ee00000)
 ParOldGen       total 63488K, used 36784K [0x00000006c7200000, 0x00000006cb000000, 0x000000076d100000)
  object space 63488K, 57% used [0x00000006c7200000,0x00000006c95ec3d8,0x00000006cb000000)
 Metaspace       used 19569K, capacity 20066K, committed 20224K, reserved 1067008K
  class space    used 2364K, capacity 2467K, committed 2560K, reserved 1048576K
}

